build/intermediates/manifest_merge_blame_file/debug/manifest-merger-blame-debug-report.txt
1<?xml version="1.0" encoding="utf-8"?>
2<manifest xmlns:android="http://schemas.android.com/apk/res/android"
3    package="c.theprakhar.flexnest"
4    android:versionCode="1"
5    android:versionName="1.0" >
6
7    <uses-sdk
8        android:minSdkVersion="23"
8-->src\main\AndroidManifest.xml
9        android:targetSdkVersion="29" />
9-->src\main\AndroidManifest.xml
10
11    <uses-permission android:name="android.permission.INTERNET" />
11-->src\main\AndroidManifest.xml:4:5-67
11-->src\main\AndroidManifest.xml:4:22-64
12
13    <application
13-->src\main\AndroidManifest.xml:5:5-20:19
14        android:allowBackup="true"
14-->src\main\AndroidManifest.xml:6:9-35
15        android:appComponentFactory="androidx.core.app.CoreComponentFactory"
15-->[androidx.core:core:1.3.1] AndroidManifest.xml:24:18-86
16        android:debuggable="true"
17        android:icon="@mipmap/ic_launcher"
17-->src\main\AndroidManifest.xml:7:9-43
18        android:label="@string/app_name"
18-->src\main\AndroidManifest.xml:8:9-41
19        android:roundIcon="@mipmap/ic_launcher_round"
19-->src\main\AndroidManifest.xml:9:9-54
20        android:supportsRtl="true"
20-->src\main\AndroidManifest.xml:10:9-35
21        android:testOnly="true"
22        android:theme="@style/AppTheme" >
22-->src\main\AndroidManifest.xml:11:9-40
23        <activity android:name="c.theprakhar.flexnest.MainActivity" >
23-->src\main\AndroidManifest.xml:13:9-19:20
23-->src\main\AndroidManifest.xml:13:19-47
24            <intent-filter>
24-->src\main\AndroidManifest.xml:14:13-18:29
25                <action android:name="android.intent.action.MAIN" />
25-->src\main\AndroidManifest.xml:15:17-69
25-->src\main\AndroidManifest.xml:15:25-66
26
27                <category android:name="android.intent.category.LAUNCHER" />
27-->src\main\AndroidManifest.xml:17:17-77
27-->src\main\AndroidManifest.xml:17:27-74
28            </intent-filter>
29        </activity>
30
31        <service
31-->[androidx.room:room-runtime:2.2.6] AndroidManifest.xml:25:9-28:40
32            android:name="androidx.room.MultiInstanceInvalidationService"
32-->[androidx.room:room-runtime:2.2.6] AndroidManifest.xml:26:13-74
33            android:directBootAware="true"
33-->[androidx.room:room-runtime:2.2.6] AndroidManifest.xml:27:13-43
34            android:exported="false" />
34-->[androidx.room:room-runtime:2.2.6] AndroidManifest.xml:28:13-37
35
36        <provider
36-->[androidx.lifecycle:lifecycle-process:2.2.0] AndroidManifest.xml:25:9-29:43
37            android:name="androidx.lifecycle.ProcessLifecycleOwnerInitializer"
37-->[androidx.lifecycle:lifecycle-process:2.2.0] AndroidManifest.xml:26:13-79
38            android:authorities="c.theprakhar.flexnest.lifecycle-process"
38-->[androidx.lifecycle:lifecycle-process:2.2.0] AndroidManifest.xml:27:13-69
39            android:exported="false"
39-->[androidx.lifecycle:lifecycle-process:2.2.0] AndroidManifest.xml:28:13-37
40            android:multiprocess="true" />
40-->[androidx.lifecycle:lifecycle-process:2.2.0] AndroidManifest.xml:29:13-40
41    </application>
42
43</manifest>